<?xml version="1.0" encoding="UTF-8"?>
<testng-results ignored="0" total="2" passed="2" failed="0" skipped="0">
  <reporter-output>
  </reporter-output>
  <suite started-at="2021-11-26T12:08:05 IST" name="Suite" finished-at="2021-11-26T12:08:17 IST" duration-ms="12659">
    <groups>
    </groups>
    <test started-at="2021-11-26T12:08:05 IST" name="Test" finished-at="2021-11-26T12:08:17 IST" duration-ms="12659">
      <class name="ai.iamneo.testing.Testing_Selenium_TestNg.AppTest">
        <test-method is-config="true" signature="beforeTest()[pri:0, instance:ai.iamneo.testing.Testing_Selenium_TestNg.AppTest@4cc8eb05]" started-at="2021-11-26T12:08:05 IST" name="beforeTest" finished-at="2021-11-26T12:08:06 IST" duration-ms="1544" status="PASS">
          <reporter-output>
          </reporter-output>
        </test-method> <!-- beforeTest -->
        <test-method signature="TestCase_1()[pri:0, instance:ai.iamneo.testing.Testing_Selenium_TestNg.AppTest@4cc8eb05]" started-at="2021-11-26T12:08:06 IST" name="TestCase_1" finished-at="2021-11-26T12:08:15 IST" duration-ms="8805" status="PASS">
          <reporter-output>
          </reporter-output>
        </test-method> <!-- TestCase_1 -->
        <test-method signature="TestCase_2()[pri:0, instance:ai.iamneo.testing.Testing_Selenium_TestNg.AppTest@4cc8eb05]" started-at="2021-11-26T12:08:15 IST" name="TestCase_2" finished-at="2021-11-26T12:08:17 IST" duration-ms="2156" status="PASS">
          <reporter-output>
          </reporter-output>
        </test-method> <!-- TestCase_2 -->
        <test-method is-config="true" signature="afterTest()[pri:0, instance:ai.iamneo.testing.Testing_Selenium_TestNg.AppTest@4cc8eb05]" started-at="2021-11-26T12:08:17 IST" name="afterTest" finished-at="2021-11-26T12:08:17 IST" duration-ms="125" status="PASS">
          <reporter-output>
          </reporter-output>
        </test-method> <!-- afterTest -->
      </class> <!-- ai.iamneo.testing.Testing_Selenium_TestNg.AppTest -->
    </test> <!-- Test -->
  </suite> <!-- Suite -->
</testng-results>
